Using pre-set license
Built from '2021.3/staging' branch; Version is '2021.3.25f1 (68ef2c4f8861) revision 6876972'; Using compiler version '192829333'; Build Type 'Release'
OS: 'Windows 11  (10.0.22621) 64bit Core' Language: 'en' Physical Memory: 16335 MB
BatchMode: 1, IsHumanControllingUs: 0, StartBugReporterOnCrash: 0, Is64bit: 1, IsPro: 1

COMMAND LINE ARGUMENTS:
C:\Program Files\Unity\Hub\Editor\2021.3.25f1\Editor\Unity.exe
-adb2
-batchMode
-noUpm
-name
AssetImportWorker0
-projectPath
C:/Users/Collin/Documents/Repos/SurvivalGame/Survival
-logFile
Logs/AssetImportWorker0.log
-srvPort
58476
Successfully changed project path to: C:/Users/Collin/Documents/Repos/SurvivalGame/Survival
C:/Users/Collin/Documents/Repos/SurvivalGame/Survival
[UnityMemory] Configuration Parameters - Can be set up in boot.config
    "memorysetup-bucket-allocator-granularity=16"
    "memorysetup-bucket-allocator-bucket-count=8"
    "memorysetup-bucket-allocator-block-size=33554432"
    "memorysetup-bucket-allocator-block-count=8"
    "memorysetup-main-allocator-block-size=16777216"
    "memorysetup-thread-allocator-block-size=16777216"
    "memorysetup-gfx-main-allocator-block-size=16777216"
    "memorysetup-gfx-thread-allocator-block-size=16777216"
    "memorysetup-cache-allocator-block-size=4194304"
    "memorysetup-typetree-allocator-block-size=2097152"
    "memorysetup-profiler-bucket-allocator-granularity=16"
    "memorysetup-profiler-bucket-allocator-bucket-count=8"
    "memorysetup-profiler-bucket-allocator-block-size=33554432"
    "memorysetup-profiler-bucket-allocator-block-count=8"
    "memorysetup-profiler-allocator-block-size=16777216"
    "memorysetup-profiler-editor-allocator-block-size=1048576"
    "memorysetup-temp-allocator-size-main=16777216"
    "memorysetup-job-temp-allocator-block-size=2097152"
    "memorysetup-job-temp-allocator-block-size-background=1048576"
    "memorysetup-job-temp-allocator-reduction-small-platforms=262144"
    "memorysetup-temp-allocator-size-background-worker=32768"
    "memorysetup-temp-allocator-size-job-worker=262144"
    "memorysetup-temp-allocator-size-preload-manager=33554432"
    "memorysetup-temp-allocator-size-nav-mesh-worker=65536"
    "memorysetup-temp-allocator-size-audio-worker=65536"
    "memorysetup-temp-allocator-size-cloud-worker=32768"
    "memorysetup-temp-allocator-size-gi-baking-worker=262144"
    "memorysetup-temp-allocator-size-gfx=262144"
Player connection [30140] Host "[IP] 192.168.50.121 [Port] 0 [Flags] 2 [Guid] 3528101235 [EditorId] 3528101235 [Version] 1048832 [Id] WindowsEditor(7,CollinsDesktop) [Debug] 1 [PackageName] WindowsEditor [ProjectName] Editor" joined multi-casting on [225.0.0.222:54997]...

Player connection [30140] Host "[IP] 192.168.50.121 [Port] 0 [Flags] 2 [Guid] 3528101235 [EditorId] 3528101235 [Version] 1048832 [Id] WindowsEditor(7,CollinsDesktop) [Debug] 1 [PackageName] WindowsEditor [ProjectName] Editor" joined alternative multi-casting on [225.0.0.222:34997]...

Refreshing native plugins compatible for Editor in 104.82 ms, found 3 plugins.
Preloading 0 native plugins for Editor in 0.00 ms.
Initialize engine version: 2021.3.25f1 (68ef2c4f8861)
[Subsystems] Discovering subsystems at path C:/Program Files/Unity/Hub/Editor/2021.3.25f1/Editor/Data/Resources/UnitySubsystems
[Subsystems] Discovering subsystems at path C:/Users/Collin/Documents/Repos/SurvivalGame/Survival/Assets
GfxDevice: creating device client; threaded=0; jobified=0
Direct3D:
    Version:  Direct3D 11.0 [level 11.1]
    Renderer: NVIDIA GeForce RTX 3060 Ti (ID=0x2486)
    Vendor:   NVIDIA
    VRAM:     8038 MB
    Driver:   31.0.15.3141
Initialize mono
Mono path[0] = 'C:/Program Files/Unity/Hub/Editor/2021.3.25f1/Editor/Data/Managed'
Mono path[1] = 'C:/Program Files/Unity/Hub/Editor/2021.3.25f1/Editor/Data/MonoBleedingEdge/lib/mono/unityjit-win32'
Mono config path = 'C:/Program Files/Unity/Hub/Editor/2021.3.25f1/Editor/Data/MonoBleedingEdge/etc'
Using monoOptions --debugger-agent=transport=dt_socket,embedding=1,server=y,suspend=n,address=127.0.0.1:56068
Begin MonoManager ReloadAssembly
Registering precompiled unity dll's ...
Register platform support module: C:/Program Files/Unity/Hub/Editor/2021.3.25f1/Editor/Data/PlaybackEngines/WebGLSupport/UnityEditor.WebGL.Extensions.dll
Register platform support module: C:/Program Files/Unity/Hub/Editor/2021.3.25f1/Editor/Data/PlaybackEngines/WindowsStandaloneSupport/UnityEditor.WindowsStandalone.Extensions.dll
Registered in 0.004620 seconds.
Native extension for WindowsStandalone target not found
Native extension for WebGL target not found
Refreshing native plugins compatible for Editor in 117.04 ms, found 3 plugins.
Preloading 0 native plugins for Editor in 0.00 ms.
Mono: successfully reloaded assembly
- Completed reload, in  0.587 seconds
Domain Reload Profiling:
	ReloadAssembly (587ms)
		BeginReloadAssembly (67ms)
			ExecutionOrderSort (0ms)
			DisableScriptedObjects (0ms)
			BackupInstance (0ms)
			ReleaseScriptingObjects (0ms)
			CreateAndSetChildDomain (1ms)
		EndReloadAssembly (435ms)
			LoadAssemblies (66ms)
			RebuildTransferFunctionScriptingTraits (0ms)
			SetupTypeCache (96ms)
			ReleaseScriptCaches (0ms)
			RebuildScriptCaches (23ms)
			SetupLoadedEditorAssemblies (276ms)
				LogAssemblyErrors (0ms)
				InitializePlatformSupportModulesInManaged (7ms)
				SetLoadedEditorAssemblies (0ms)
				RefreshPlugins (117ms)
				BeforeProcessingInitializeOnLoad (1ms)
				ProcessInitializeOnLoadAttributes (114ms)
				ProcessInitializeOnLoadMethodAttributes (36ms)
				AfterProcessingInitializeOnLoad (0ms)
				EditorAssembliesLoaded (0ms)
			ExecutionOrderSort2 (0ms)
			AwakeInstancesAfterBackupRestoration (0ms)
Platform modules already initialized, skipping
Registering precompiled user dll's ...
Registered in 0.008174 seconds.
Begin MonoManager ReloadAssembly
Symbol file LoadedFromMemory doesn't match image C:\Users\Collin\Documents\Repos\SurvivalGame\Survival\Library\PackageCache\com.unity.visualscripting@1.8.0\Editor\VisualScripting.Core\Dependencies\YamlDotNet\Unity.VisualScripting.YamlDotNet.dll
Symbol file LoadedFromMemory doesn't match image C:\Users\Collin\Documents\Repos\SurvivalGame\Survival\Library\PackageCache\com.unity.visualscripting@1.8.0\Editor\VisualScripting.Core\Dependencies\DotNetZip\Unity.VisualScripting.IonicZip.dll
Symbol file LoadedFromMemory is not a mono symbol file
Native extension for WindowsStandalone target not found
Native extension for WebGL target not found
Refreshing native plugins compatible for Editor in 113.49 ms, found 3 plugins.
Preloading 0 native plugins for Editor in 0.00 ms.
Mono: successfully reloaded assembly
- Completed reload, in  1.150 seconds
Domain Reload Profiling:
	ReloadAssembly (1151ms)
		BeginReloadAssembly (96ms)
			ExecutionOrderSort (0ms)
			DisableScriptedObjects (5ms)
			BackupInstance (0ms)
			ReleaseScriptingObjects (0ms)
			CreateAndSetChildDomain (16ms)
		EndReloadAssembly (959ms)
			LoadAssemblies (84ms)
			RebuildTransferFunctionScriptingTraits (0ms)
			SetupTypeCache (261ms)
			ReleaseScriptCaches (1ms)
			RebuildScriptCaches (53ms)
			SetupLoadedEditorAssemblies (528ms)
				LogAssemblyErrors (0ms)
				InitializePlatformSupportModulesInManaged (4ms)
				SetLoadedEditorAssemblies (0ms)
				RefreshPlugins (114ms)
				BeforeProcessingInitializeOnLoad (111ms)
				ProcessInitializeOnLoadAttributes (226ms)
				ProcessInitializeOnLoadMethodAttributes (67ms)
				AfterProcessingInitializeOnLoad (6ms)
				EditorAssembliesLoaded (0ms)
			ExecutionOrderSort2 (0ms)
			AwakeInstancesAfterBackupRestoration (5ms)
Platform modules already initialized, skipping
========================================================================
Worker process is ready to serve import requests
Launched and connected shader compiler UnityShaderCompiler.exe after 0.03 seconds
Refreshing native plugins compatible for Editor in 2.02 ms, found 3 plugins.
Preloading 0 native plugins for Editor in 0.00 ms.
Unloading 5957 Unused Serialized files (Serialized files now loaded: 0)
Unloading 46 unused Assets / (0.7 MB). Loaded Objects now: 6408.
Memory consumption went from 238.4 MB to 237.8 MB.
Total: 3.949100 ms (FindLiveObjects: 0.577500 ms CreateObjectMapping: 0.181800 ms MarkObjects: 2.918000 ms  DeleteObjects: 0.270800 ms)

AssetImportParameters requested are different than current active one (requested -> active):
  custom:video-decoder-ogg-theora: a1e56fd34408186e4bbccfd4996cb3dc -> 
  custom:container-muxer-webm: aa71ff27fc2769a1b78a27578f13a17b -> 
  custom:container-demuxer-webm: 4f35f7cbe854078d1ac9338744f61a02 -> 
  custom:video-encoder-webm-vp8: eb34c28f22e8b96e1ab97ce403110664 -> 
  custom:video-codec-MediaFoundation-h265: 746d11721c4dcdbdad8f713fa42b33f4 -> 
  custom:audio-encoder-webm-vorbis: bf7c407c2cedff20999df2af8eb42d56 -> 
  custom:framework-win-MediaFoundation: 216162199b28c13a410421893ffa2e32 -> 
  custom:container-demuxer-ogg: 62fdf1f143b41e24485cea50d1cbac27 -> 
  custom:video-decoder-webm-vp8: 9c59270c3fd7afecdb556c50c9e8de78 -> 
  custom:audio-decoder-ogg-vorbis: bf7c407c2cedff20999df2af8eb42d56 -> 
========================================================================
Received Import Request.
  Time since last request: 1838656.544731 seconds.
  path: Assets/Flags/Flag2 2.mat
  artifactKey: Guid(18a05d9d41a9fc344a082145a8fb6e65) Importer(815301076,1909f56bfc062723c751e8b465ee728b)
Start importing Assets/Flags/Flag2 2.mat using Guid(18a05d9d41a9fc344a082145a8fb6e65) Importer(815301076,1909f56bfc062723c751e8b465ee728b)  -> (artifact id: '65af836f2038111eb1edb0ecaf754044') in 0.245350 seconds 
========================================================================
Received Import Request.
  Time since last request: 0.000023 seconds.
  path: Assets/Flags/Flag2 1.mat
  artifactKey: Guid(3d1fa8c561e4922409b84f3f1b2f3dfa) Importer(815301076,1909f56bfc062723c751e8b465ee728b)
Start importing Assets/Flags/Flag2 1.mat using Guid(3d1fa8c561e4922409b84f3f1b2f3dfa) Importer(815301076,1909f56bfc062723c751e8b465ee728b)  -> (artifact id: '44a0c1019f4f7a922c784af43b66bd0b') in 0.017488 seconds 
========================================================================
Received Import Request.
  Time since last request: 38.377869 seconds.
  path: Assets/Flags/Flag 1.mat
  artifactKey: Guid(bfa0fd4031a41f741a7c1fc74792a646) Importer(815301076,1909f56bfc062723c751e8b465ee728b)
Start importing Assets/Flags/Flag 1.mat using Guid(bfa0fd4031a41f741a7c1fc74792a646) Importer(815301076,1909f56bfc062723c751e8b465ee728b)  -> (artifact id: '90e3283ff7cef9ebd40e6c405a999a26') in 0.021779 seconds 
========================================================================
Received Import Request.
  Time since last request: 0.000027 seconds.
  path: Assets/Flags/Flag2.mat
  artifactKey: Guid(68894d23108989d40ba6083bf98e4d24) Importer(815301076,1909f56bfc062723c751e8b465ee728b)
Start importing Assets/Flags/Flag2.mat using Guid(68894d23108989d40ba6083bf98e4d24) Importer(815301076,1909f56bfc062723c751e8b465ee728b)  -> (artifact id: '34e448b2883cf361c220dbffc88bc77c') in 0.017375 seconds 
========================================================================
Received Import Request.
  Time since last request: 0.468757 seconds.
  path: Assets/Flags/Flag 2.mat
  artifactKey: Guid(97d524d7a0eb0d2439a9d8b70b5df2b2) Importer(815301076,1909f56bfc062723c751e8b465ee728b)
Start importing Assets/Flags/Flag 2.mat using Guid(97d524d7a0eb0d2439a9d8b70b5df2b2) Importer(815301076,1909f56bfc062723c751e8b465ee728b)  -> (artifact id: 'b18d30e19726ea54b9d9648c31fee7c1') in 0.017729 seconds 
========================================================================
Received Import Request.
  Time since last request: 30.441493 seconds.
  path: Assets/Flags/Flag 1.mat
  artifactKey: Guid(bfa0fd4031a41f741a7c1fc74792a646) Importer(815301076,1909f56bfc062723c751e8b465ee728b)
Start importing Assets/Flags/Flag 1.mat using Guid(bfa0fd4031a41f741a7c1fc74792a646) Importer(815301076,1909f56bfc062723c751e8b465ee728b)  -> (artifact id: 'a6fd6205aff7ed9de04b5de936e9e10d') in 0.011565 seconds 
========================================================================
Received Import Request.
  Time since last request: 0.000036 seconds.
  path: Assets/Flags/Flag.mat
  artifactKey: Guid(30962c54580416847bad2f22d477781c) Importer(815301076,1909f56bfc062723c751e8b465ee728b)
Start importing Assets/Flags/Flag.mat using Guid(30962c54580416847bad2f22d477781c) Importer(815301076,1909f56bfc062723c751e8b465ee728b)  -> (artifact id: '695fbcedeceb6c780327b2209dae7f82') in 0.011913 seconds 
========================================================================
Received Import Request.
  Time since last request: 58.990831 seconds.
  path: Assets/Flags/USA.png
  artifactKey: Guid(d82c8fefe1e951441abd5ce9b3efd553) Importer(815301076,1909f56bfc062723c751e8b465ee728b)
Start importing Assets/Flags/USA.png using Guid(d82c8fefe1e951441abd5ce9b3efd553) Importer(815301076,1909f56bfc062723c751e8b465ee728b)  -> (artifact id: 'e78f4bcb76f8789f1e67ed5ee9ccdd4d') in 0.019837 seconds 
========================================================================
Received Import Request.
  Time since last request: 3.504917 seconds.
  path: Assets/Flags/USA.png
  artifactKey: Guid(d82c8fefe1e951441abd5ce9b3efd553) Importer(815301076,1909f56bfc062723c751e8b465ee728b)
Start importing Assets/Flags/USA.png using Guid(d82c8fefe1e951441abd5ce9b3efd553) Importer(815301076,1909f56bfc062723c751e8b465ee728b)  -> (artifact id: '6e1e1ccc65988b29bad21dfb81f1347e') in 0.005975 seconds 
========================================================================
Received Import Request.
  Time since last request: 0.004355 seconds.
  path: Assets/Flags/Flag2 2.mat
  artifactKey: Guid(18a05d9d41a9fc344a082145a8fb6e65) Importer(815301076,1909f56bfc062723c751e8b465ee728b)
Start importing Assets/Flags/Flag2 2.mat using Guid(18a05d9d41a9fc344a082145a8fb6e65) Importer(815301076,1909f56bfc062723c751e8b465ee728b)  -> (artifact id: 'da9b2268e3d054839c8fa64eebf8ddf8') in 0.016572 seconds 
AssetImportWorkerClient::OnTransportError - code=10054 error=An existing connection was forcibly closed by the remote host.
