Using pre-set license
Built from '2021.3/staging' branch; Version is '2021.3.25f1 (68ef2c4f8861) revision 6876972'; Using compiler version '192829333'; Build Type 'Release'
OS: 'Windows 11  (10.0.22621) 64bit Core' Language: 'en' Physical Memory: 16335 MB
BatchMode: 1, IsHumanControllingUs: 0, StartBugReporterOnCrash: 0, Is64bit: 1, IsPro: 1

COMMAND LINE ARGUMENTS:
C:\Program Files\Unity\Hub\Editor\2021.3.25f1\Editor\Unity.exe
-adb2
-batchMode
-noUpm
-name
AssetImportWorker1
-projectPath
C:/Users/Collin/Documents/Repos/SurvivalGame/Survival
-logFile
Logs/AssetImportWorker1.log
-srvPort
54379
Successfully changed project path to: C:/Users/Collin/Documents/Repos/SurvivalGame/Survival
C:/Users/Collin/Documents/Repos/SurvivalGame/Survival
[UnityMemory] Configuration Parameters - Can be set up in boot.config
    "memorysetup-bucket-allocator-granularity=16"
    "memorysetup-bucket-allocator-bucket-count=8"
    "memorysetup-bucket-allocator-block-size=33554432"
    "memorysetup-bucket-allocator-block-count=8"
    "memorysetup-main-allocator-block-size=16777216"
    "memorysetup-thread-allocator-block-size=16777216"
    "memorysetup-gfx-main-allocator-block-size=16777216"
    "memorysetup-gfx-thread-allocator-block-size=16777216"
    "memorysetup-cache-allocator-block-size=4194304"
    "memorysetup-typetree-allocator-block-size=2097152"
    "memorysetup-profiler-bucket-allocator-granularity=16"
    "memorysetup-profiler-bucket-allocator-bucket-count=8"
    "memorysetup-profiler-bucket-allocator-block-size=33554432"
    "memorysetup-profiler-bucket-allocator-block-count=8"
    "memorysetup-profiler-allocator-block-size=16777216"
    "memorysetup-profiler-editor-allocator-block-size=1048576"
    "memorysetup-temp-allocator-size-main=16777216"
    "memorysetup-job-temp-allocator-block-size=2097152"
    "memorysetup-job-temp-allocator-block-size-background=1048576"
    "memorysetup-job-temp-allocator-reduction-small-platforms=262144"
    "memorysetup-temp-allocator-size-background-worker=32768"
    "memorysetup-temp-allocator-size-job-worker=262144"
    "memorysetup-temp-allocator-size-preload-manager=33554432"
    "memorysetup-temp-allocator-size-nav-mesh-worker=65536"
    "memorysetup-temp-allocator-size-audio-worker=65536"
    "memorysetup-temp-allocator-size-cloud-worker=32768"
    "memorysetup-temp-allocator-size-gi-baking-worker=262144"
    "memorysetup-temp-allocator-size-gfx=262144"
Player connection [29648] Host "[IP] 192.168.50.121 [Port] 0 [Flags] 2 [Guid] 3336475123 [EditorId] 3336475123 [Version] 1048832 [Id] WindowsEditor(7,CollinsDesktop) [Debug] 1 [PackageName] WindowsEditor [ProjectName] Editor" joined multi-casting on [225.0.0.222:54997]...

Player connection [29648] Host "[IP] 192.168.50.121 [Port] 0 [Flags] 2 [Guid] 3336475123 [EditorId] 3336475123 [Version] 1048832 [Id] WindowsEditor(7,CollinsDesktop) [Debug] 1 [PackageName] WindowsEditor [ProjectName] Editor" joined alternative multi-casting on [225.0.0.222:34997]...

Refreshing native plugins compatible for Editor in 103.63 ms, found 3 plugins.
Preloading 0 native plugins for Editor in 0.00 ms.
Initialize engine version: 2021.3.25f1 (68ef2c4f8861)
[Subsystems] Discovering subsystems at path C:/Program Files/Unity/Hub/Editor/2021.3.25f1/Editor/Data/Resources/UnitySubsystems
[Subsystems] Discovering subsystems at path C:/Users/Collin/Documents/Repos/SurvivalGame/Survival/Assets
GfxDevice: creating device client; threaded=0; jobified=0
Direct3D:
    Version:  Direct3D 11.0 [level 11.1]
    Renderer: NVIDIA GeForce RTX 3060 Ti (ID=0x2486)
    Vendor:   NVIDIA
    VRAM:     8038 MB
    Driver:   31.0.15.3141
Initialize mono
Mono path[0] = 'C:/Program Files/Unity/Hub/Editor/2021.3.25f1/Editor/Data/Managed'
Mono path[1] = 'C:/Program Files/Unity/Hub/Editor/2021.3.25f1/Editor/Data/MonoBleedingEdge/lib/mono/unityjit-win32'
Mono config path = 'C:/Program Files/Unity/Hub/Editor/2021.3.25f1/Editor/Data/MonoBleedingEdge/etc'
Using monoOptions --debugger-agent=transport=dt_socket,embedding=1,server=y,suspend=n,address=127.0.0.1:56592
Begin MonoManager ReloadAssembly
Registering precompiled unity dll's ...
Register platform support module: C:/Program Files/Unity/Hub/Editor/2021.3.25f1/Editor/Data/PlaybackEngines/WebGLSupport/UnityEditor.WebGL.Extensions.dll
Register platform support module: C:/Program Files/Unity/Hub/Editor/2021.3.25f1/Editor/Data/PlaybackEngines/WindowsStandaloneSupport/UnityEditor.WindowsStandalone.Extensions.dll
Registered in 0.004839 seconds.
Native extension for WindowsStandalone target not found
Native extension for WebGL target not found
Refreshing native plugins compatible for Editor in 110.57 ms, found 3 plugins.
Preloading 0 native plugins for Editor in 0.00 ms.
Mono: successfully reloaded assembly
- Completed reload, in  0.599 seconds
Domain Reload Profiling:
	ReloadAssembly (600ms)
		BeginReloadAssembly (73ms)
			ExecutionOrderSort (0ms)
			DisableScriptedObjects (0ms)
			BackupInstance (0ms)
			ReleaseScriptingObjects (0ms)
			CreateAndSetChildDomain (1ms)
		EndReloadAssembly (435ms)
			LoadAssemblies (71ms)
			RebuildTransferFunctionScriptingTraits (0ms)
			SetupTypeCache (93ms)
			ReleaseScriptCaches (0ms)
			RebuildScriptCaches (23ms)
			SetupLoadedEditorAssemblies (272ms)
				LogAssemblyErrors (0ms)
				InitializePlatformSupportModulesInManaged (7ms)
				SetLoadedEditorAssemblies (0ms)
				RefreshPlugins (111ms)
				BeforeProcessingInitializeOnLoad (1ms)
				ProcessInitializeOnLoadAttributes (117ms)
				ProcessInitializeOnLoadMethodAttributes (35ms)
				AfterProcessingInitializeOnLoad (0ms)
				EditorAssembliesLoaded (0ms)
			ExecutionOrderSort2 (0ms)
			AwakeInstancesAfterBackupRestoration (0ms)
Platform modules already initialized, skipping
Registering precompiled user dll's ...
Registered in 0.007805 seconds.
Begin MonoManager ReloadAssembly
Symbol file LoadedFromMemory doesn't match image C:\Users\Collin\Documents\Repos\SurvivalGame\Survival\Library\PackageCache\com.unity.visualscripting@1.8.0\Editor\VisualScripting.Core\Dependencies\YamlDotNet\Unity.VisualScripting.YamlDotNet.dll
Symbol file LoadedFromMemory doesn't match image C:\Users\Collin\Documents\Repos\SurvivalGame\Survival\Library\PackageCache\com.unity.visualscripting@1.8.0\Editor\VisualScripting.Core\Dependencies\DotNetZip\Unity.VisualScripting.IonicZip.dll
Native extension for WindowsStandalone target not found
Native extension for WebGL target not found
Refreshing native plugins compatible for Editor in 105.65 ms, found 3 plugins.
Preloading 0 native plugins for Editor in 0.00 ms.
Mono: successfully reloaded assembly
- Completed reload, in  1.242 seconds
Domain Reload Profiling:
	ReloadAssembly (1243ms)
		BeginReloadAssembly (101ms)
			ExecutionOrderSort (0ms)
			DisableScriptedObjects (5ms)
			BackupInstance (0ms)
			ReleaseScriptingObjects (0ms)
			CreateAndSetChildDomain (18ms)
		EndReloadAssembly (1040ms)
			LoadAssemblies (82ms)
			RebuildTransferFunctionScriptingTraits (0ms)
			SetupTypeCache (328ms)
			ReleaseScriptCaches (1ms)
			RebuildScriptCaches (56ms)
			SetupLoadedEditorAssemblies (540ms)
				LogAssemblyErrors (0ms)
				InitializePlatformSupportModulesInManaged (4ms)
				SetLoadedEditorAssemblies (0ms)
				RefreshPlugins (106ms)
				BeforeProcessingInitializeOnLoad (100ms)
				ProcessInitializeOnLoadAttributes (255ms)
				ProcessInitializeOnLoadMethodAttributes (68ms)
				AfterProcessingInitializeOnLoad (6ms)
				EditorAssembliesLoaded (0ms)
			ExecutionOrderSort2 (0ms)
			AwakeInstancesAfterBackupRestoration (5ms)
Platform modules already initialized, skipping
========================================================================
Worker process is ready to serve import requests
Launched and connected shader compiler UnityShaderCompiler.exe after 0.05 seconds
Refreshing native plugins compatible for Editor in 1.57 ms, found 3 plugins.
Preloading 0 native plugins for Editor in 0.00 ms.
Unloading 5552 Unused Serialized files (Serialized files now loaded: 0)
Unloading 50 unused Assets / (1.1 MB). Loaded Objects now: 5991.
Memory consumption went from 223.9 MB to 222.8 MB.
Total: 4.107500 ms (FindLiveObjects: 0.646000 ms CreateObjectMapping: 0.185100 ms MarkObjects: 2.827700 ms  DeleteObjects: 0.447100 ms)

AssetImportParameters requested are different than current active one (requested -> active):
  custom:video-decoder-ogg-theora: a1e56fd34408186e4bbccfd4996cb3dc -> 
  custom:container-muxer-webm: aa71ff27fc2769a1b78a27578f13a17b -> 
  custom:container-demuxer-webm: 4f35f7cbe854078d1ac9338744f61a02 -> 
  custom:video-encoder-webm-vp8: eb34c28f22e8b96e1ab97ce403110664 -> 
  custom:video-codec-MediaFoundation-h265: 746d11721c4dcdbdad8f713fa42b33f4 -> 
  custom:audio-encoder-webm-vorbis: bf7c407c2cedff20999df2af8eb42d56 -> 
  custom:framework-win-MediaFoundation: 216162199b28c13a410421893ffa2e32 -> 
  custom:container-demuxer-ogg: 62fdf1f143b41e24485cea50d1cbac27 -> 
  custom:video-decoder-webm-vp8: 9c59270c3fd7afecdb556c50c9e8de78 -> 
  custom:audio-decoder-ogg-vorbis: bf7c407c2cedff20999df2af8eb42d56 -> 
========================================================================
Received Import Request.
  Time since last request: 1229160.951011 seconds.
  path: Assets/PlayerHands.cs
  artifactKey: Guid(d9025fe78ba6314418ee82b7ad26b949) Importer(815301076,1909f56bfc062723c751e8b465ee728b)
Start importing Assets/PlayerHands.cs using Guid(d9025fe78ba6314418ee82b7ad26b949) Importer(815301076,1909f56bfc062723c751e8b465ee728b)  -> (artifact id: 'dea4ad9b6dafba158336184f77c7152f') in 0.042869 seconds 
========================================================================
Received Prepare
Registering precompiled user dll's ...
Registered in 0.007820 seconds.
Begin MonoManager ReloadAssembly
Symbol file LoadedFromMemory doesn't match image C:\Users\Collin\Documents\Repos\SurvivalGame\Survival\Library\PackageCache\com.unity.visualscripting@1.8.0\Editor\VisualScripting.Core\Dependencies\YamlDotNet\Unity.VisualScripting.YamlDotNet.dll
Symbol file LoadedFromMemory doesn't match image C:\Users\Collin\Documents\Repos\SurvivalGame\Survival\Library\PackageCache\com.unity.visualscripting@1.8.0\Editor\VisualScripting.Core\Dependencies\DotNetZip\Unity.VisualScripting.IonicZip.dll
Native extension for WindowsStandalone target not found
Native extension for WebGL target not found
Refreshing native plugins compatible for Editor in 1.04 ms, found 3 plugins.
Preloading 0 native plugins for Editor in 0.00 ms.
Mono: successfully reloaded assembly
- Completed reload, in  1.037 seconds
Domain Reload Profiling:
	ReloadAssembly (1037ms)
		BeginReloadAssembly (121ms)
			ExecutionOrderSort (0ms)
			DisableScriptedObjects (4ms)
			BackupInstance (0ms)
			ReleaseScriptingObjects (0ms)
			CreateAndSetChildDomain (34ms)
		EndReloadAssembly (829ms)
			LoadAssemblies (80ms)
			RebuildTransferFunctionScriptingTraits (0ms)
			SetupTypeCache (264ms)
			ReleaseScriptCaches (2ms)
			RebuildScriptCaches (37ms)
			SetupLoadedEditorAssemblies (405ms)
				LogAssemblyErrors (0ms)
				InitializePlatformSupportModulesInManaged (6ms)
				SetLoadedEditorAssemblies (0ms)
				RefreshPlugins (1ms)
				BeforeProcessingInitializeOnLoad (89ms)
				ProcessInitializeOnLoadAttributes (212ms)
				ProcessInitializeOnLoadMethodAttributes (89ms)
				AfterProcessingInitializeOnLoad (6ms)
				EditorAssembliesLoaded (0ms)
			ExecutionOrderSort2 (0ms)
			AwakeInstancesAfterBackupRestoration (13ms)
Platform modules already initialized, skipping
Refreshing native plugins compatible for Editor in 3.24 ms, found 3 plugins.
Preloading 0 native plugins for Editor in 0.00 ms.
Unloading 5425 Unused Serialized files (Serialized files now loaded: 0)
Unloading 41 unused Assets / (1.1 MB). Loaded Objects now: 5994.
Memory consumption went from 214.6 MB to 213.5 MB.
Total: 3.612900 ms (FindLiveObjects: 0.451700 ms CreateObjectMapping: 0.142800 ms MarkObjects: 2.551200 ms  DeleteObjects: 0.465900 ms)

AssetImportParameters requested are different than current active one (requested -> active):
  custom:video-decoder-ogg-theora: a1e56fd34408186e4bbccfd4996cb3dc -> 
  custom:container-muxer-webm: aa71ff27fc2769a1b78a27578f13a17b -> 
  custom:container-demuxer-webm: 4f35f7cbe854078d1ac9338744f61a02 -> 
  custom:video-encoder-webm-vp8: eb34c28f22e8b96e1ab97ce403110664 -> 
  custom:video-codec-MediaFoundation-h265: 746d11721c4dcdbdad8f713fa42b33f4 -> 
  custom:audio-encoder-webm-vorbis: bf7c407c2cedff20999df2af8eb42d56 -> 
  custom:framework-win-MediaFoundation: 216162199b28c13a410421893ffa2e32 -> 
  custom:container-demuxer-ogg: 62fdf1f143b41e24485cea50d1cbac27 -> 
  custom:video-decoder-webm-vp8: 9c59270c3fd7afecdb556c50c9e8de78 -> 
  custom:audio-decoder-ogg-vorbis: bf7c407c2cedff20999df2af8eb42d56 -> 
========================================================================
Received Import Request.
  Time since last request: 90.858220 seconds.
  path: Assets/testmap/BIGDOOR4.PNG
  artifactKey: Guid(434a20a2dd28fc446bce86f6f2ea0d80) Importer(815301076,1909f56bfc062723c751e8b465ee728b)
Start importing Assets/testmap/BIGDOOR4.PNG using Guid(434a20a2dd28fc446bce86f6f2ea0d80) Importer(815301076,1909f56bfc062723c751e8b465ee728b)  -> (artifact id: '58371365a511dd8fdeeb974e6e1d7fdd') in 0.058847 seconds 
========================================================================
Received Import Request.
  Time since last request: 0.000035 seconds.
  path: Assets/testmap/FLOOR6_2.PNG
  artifactKey: Guid(f9037a3dc79b93e49b6894690db4620b) Importer(815301076,1909f56bfc062723c751e8b465ee728b)
Start importing Assets/testmap/FLOOR6_2.PNG using Guid(f9037a3dc79b93e49b6894690db4620b) Importer(815301076,1909f56bfc062723c751e8b465ee728b)  -> (artifact id: 'ad17a7afb389deb3d3f644bfd889d704') in 0.011628 seconds 
========================================================================
Received Import Request.
  Time since last request: 0.000051 seconds.
  path: Assets/testmap/BROWN144.PNG
  artifactKey: Guid(8cefab0df8d1d2e4dbd305475c45f36b) Importer(815301076,1909f56bfc062723c751e8b465ee728b)
Start importing Assets/testmap/BROWN144.PNG using Guid(8cefab0df8d1d2e4dbd305475c45f36b) Importer(815301076,1909f56bfc062723c751e8b465ee728b)  -> (artifact id: '4a5725725a18706aa588aaf71c9f1f9c') in 0.013237 seconds 
========================================================================
Received Import Request.
  Time since last request: 0.000025 seconds.
  path: Assets/testmap/COMPTALL.PNG
  artifactKey: Guid(5b2d323da7bb7f3449c760df6878ce60) Importer(815301076,1909f56bfc062723c751e8b465ee728b)
Start importing Assets/testmap/COMPTALL.PNG using Guid(5b2d323da7bb7f3449c760df6878ce60) Importer(815301076,1909f56bfc062723c751e8b465ee728b)  -> (artifact id: '12e39dfc154b571ee915399f532dcb3a') in 0.012578 seconds 
========================================================================
Received Import Request.
  Time since last request: 0.000027 seconds.
  path: Assets/testmap/CEIL5_2.PNG
  artifactKey: Guid(f457714a34d36354a808803705216eb1) Importer(815301076,1909f56bfc062723c751e8b465ee728b)
Start importing Assets/testmap/CEIL5_2.PNG using Guid(f457714a34d36354a808803705216eb1) Importer(815301076,1909f56bfc062723c751e8b465ee728b)  -> (artifact id: '05c28276ab3ea89cc18029f5bf8bdc54') in 0.012138 seconds 
========================================================================
Received Import Request.
  Time since last request: 0.000024 seconds.
  path: Assets/testmap/BROWNGRN.PNG
  artifactKey: Guid(1a76dd39e628f5b499dfdd805c2727ab) Importer(815301076,1909f56bfc062723c751e8b465ee728b)
Start importing Assets/testmap/BROWNGRN.PNG using Guid(1a76dd39e628f5b499dfdd805c2727ab) Importer(815301076,1909f56bfc062723c751e8b465ee728b)  -> (artifact id: 'e3564c7c660c217c1f1ee35dc3822f85') in 0.012269 seconds 
========================================================================
Received Import Request.
  Time since last request: 0.000025 seconds.
  path: Assets/testmap/DOOR3.PNG
  artifactKey: Guid(6b8c3bb69ef091945af693de35c074cb) Importer(815301076,1909f56bfc062723c751e8b465ee728b)
Start importing Assets/testmap/DOOR3.PNG using Guid(6b8c3bb69ef091945af693de35c074cb) Importer(815301076,1909f56bfc062723c751e8b465ee728b)  -> (artifact id: '8e69406826145700139766a3b074a784') in 0.011568 seconds 
========================================================================
Received Import Request.
  Time since last request: 0.000028 seconds.
  path: Assets/testmap/FLAT5_5.PNG
  artifactKey: Guid(bff8714ff0f06034c92c291110aed5a5) Importer(815301076,1909f56bfc062723c751e8b465ee728b)
Start importing Assets/testmap/FLAT5_5.PNG using Guid(bff8714ff0f06034c92c291110aed5a5) Importer(815301076,1909f56bfc062723c751e8b465ee728b)  -> (artifact id: '8d44864bd6be54fd15e7ac90313de0b4') in 0.011319 seconds 
========================================================================
Received Import Request.
  Time since last request: 0.000027 seconds.
  path: Assets/testmap/FLOOR4_8.PNG
  artifactKey: Guid(e039ca4a99ad0ab478c84252e9d7afd4) Importer(815301076,1909f56bfc062723c751e8b465ee728b)
Start importing Assets/testmap/FLOOR4_8.PNG using Guid(e039ca4a99ad0ab478c84252e9d7afd4) Importer(815301076,1909f56bfc062723c751e8b465ee728b)  -> (artifact id: '8936826951fad862d84728e34108acf3') in 0.013498 seconds 
========================================================================
Received Import Request.
  Time since last request: 0.000030 seconds.
  path: Assets/testmap/FLOOR7_1.PNG
  artifactKey: Guid(fb0d4e6e819877f4586a98f5862f2794) Importer(815301076,1909f56bfc062723c751e8b465ee728b)
Start importing Assets/testmap/FLOOR7_1.PNG using Guid(fb0d4e6e819877f4586a98f5862f2794) Importer(815301076,1909f56bfc062723c751e8b465ee728b)  -> (artifact id: '98aec21089083567d3d4427adbf1b9c2') in 0.012979 seconds 
========================================================================
Received Import Request.
  Time since last request: 0.000026 seconds.
  path: Assets/testmap/CEIL5_1.PNG
  artifactKey: Guid(9c07b620c0b1ac54fb3d9151ad9b43ff) Importer(815301076,1909f56bfc062723c751e8b465ee728b)
Start importing Assets/testmap/CEIL5_1.PNG using Guid(9c07b620c0b1ac54fb3d9151ad9b43ff) Importer(815301076,1909f56bfc062723c751e8b465ee728b)  -> (artifact id: 'bd42e9835fd6dc8f447046207bf92630') in 0.011387 seconds 
========================================================================
Received Import Request.
  Time since last request: 0.000042 seconds.
  path: Assets/testmap/BROWN96.PNG
  artifactKey: Guid(0d04cad8fd4a0ce4886352338387c6db) Importer(815301076,1909f56bfc062723c751e8b465ee728b)
Start importing Assets/testmap/BROWN96.PNG using Guid(0d04cad8fd4a0ce4886352338387c6db) Importer(815301076,1909f56bfc062723c751e8b465ee728b)  -> (artifact id: '73ca379b8ed7e87e48601256bd8b0263') in 0.014670 seconds 
========================================================================
Received Import Request.
  Time since last request: 0.000029 seconds.
  path: Assets/testmap/BROWN1.PNG
  artifactKey: Guid(db54722573d9c4644ae5dc6af089c589) Importer(815301076,1909f56bfc062723c751e8b465ee728b)
Start importing Assets/testmap/BROWN1.PNG using Guid(db54722573d9c4644ae5dc6af089c589) Importer(815301076,1909f56bfc062723c751e8b465ee728b)  -> (artifact id: '4bda42c80b008f4640f23bb128d3b07c') in 0.011661 seconds 
========================================================================
Received Import Request.
  Time since last request: 0.000040 seconds.
  path: Assets/testmap/FLAT18.PNG
  artifactKey: Guid(efe629ea3e8fe9d47ba6f99695533828) Importer(815301076,1909f56bfc062723c751e8b465ee728b)
Start importing Assets/testmap/FLAT18.PNG using Guid(efe629ea3e8fe9d47ba6f99695533828) Importer(815301076,1909f56bfc062723c751e8b465ee728b)  -> (artifact id: 'f5205ae8212bf3370eb5eb4d5ed672e2') in 0.011306 seconds 
========================================================================
Received Import Request.
  Time since last request: 0.000037 seconds.
  path: Assets/testmap/FLAT20.PNG
  artifactKey: Guid(6308537e3d9a52a4baeedae199f265e1) Importer(815301076,1909f56bfc062723c751e8b465ee728b)
Start importing Assets/testmap/FLAT20.PNG using Guid(6308537e3d9a52a4baeedae199f265e1) Importer(815301076,1909f56bfc062723c751e8b465ee728b)  -> (artifact id: '431efdbae74084a3fdd01d10fb3b16d6') in 0.009935 seconds 
========================================================================
Received Import Request.
  Time since last request: 0.000031 seconds.
  path: Assets/testmap/DOORSTOP.PNG
  artifactKey: Guid(7d633f33f2d1b5241bfa1d83a6cd4bdb) Importer(815301076,1909f56bfc062723c751e8b465ee728b)
Start importing Assets/testmap/DOORSTOP.PNG using Guid(7d633f33f2d1b5241bfa1d83a6cd4bdb) Importer(815301076,1909f56bfc062723c751e8b465ee728b)  -> (artifact id: '6b63962fbf284434b176a818d2e4faf4') in 0.010954 seconds 
========================================================================
Received Import Request.
  Time since last request: 0.000030 seconds.
  path: Assets/testmap/EXITSIGN.PNG
  artifactKey: Guid(826c00a03f2a0e3489b5ebe21b025267) Importer(815301076,1909f56bfc062723c751e8b465ee728b)
Start importing Assets/testmap/EXITSIGN.PNG using Guid(826c00a03f2a0e3489b5ebe21b025267) Importer(815301076,1909f56bfc062723c751e8b465ee728b)  -> (artifact id: '9a235779771c4c67e8809dc9a0561090') in 0.011109 seconds 
========================================================================
Received Import Request.
  Time since last request: 0.000030 seconds.
  path: Assets/testmap/FLOOR5_1.PNG
  artifactKey: Guid(a9f3f0f96ec418046a77ce95543d30d4) Importer(815301076,1909f56bfc062723c751e8b465ee728b)
Start importing Assets/testmap/FLOOR5_1.PNG using Guid(a9f3f0f96ec418046a77ce95543d30d4) Importer(815301076,1909f56bfc062723c751e8b465ee728b)  -> (artifact id: '2bc76f885f204ceefaa7963b1af174a4') in 0.011952 seconds 
========================================================================
Received Import Request.
  Time since last request: 0.000021 seconds.
  path: Assets/testmap/COMPUTE3.PNG
  artifactKey: Guid(3581fa61ace816947acba9ba41329bad) Importer(815301076,1909f56bfc062723c751e8b465ee728b)
Start importing Assets/testmap/COMPUTE3.PNG using Guid(3581fa61ace816947acba9ba41329bad) Importer(815301076,1909f56bfc062723c751e8b465ee728b)  -> (artifact id: '6bc110d22f838d7d614d407532be2135') in 0.011959 seconds 
========================================================================
Received Import Request.
  Time since last request: 0.000029 seconds.
  path: Assets/testmap/EXITDOOR.PNG
  artifactKey: Guid(196394762ca4c9e42a66130f4b3c29b4) Importer(815301076,1909f56bfc062723c751e8b465ee728b)
Start importing Assets/testmap/EXITDOOR.PNG using Guid(196394762ca4c9e42a66130f4b3c29b4) Importer(815301076,1909f56bfc062723c751e8b465ee728b)  -> (artifact id: 'fe25aa164a88c7de81ddd7d3d8f0d588') in 0.012198 seconds 
========================================================================
Received Import Request.
  Time since last request: 0.000039 seconds.
  path: Assets/testmap/FLAT23.PNG
  artifactKey: Guid(4a9aa0583cd7b82488adbe63c25d0aa5) Importer(815301076,1909f56bfc062723c751e8b465ee728b)
Start importing Assets/testmap/FLAT23.PNG using Guid(4a9aa0583cd7b82488adbe63c25d0aa5) Importer(815301076,1909f56bfc062723c751e8b465ee728b)  -> (artifact id: 'dda4b68dd27fbbc3dcc672636322a37f') in 0.012169 seconds 
========================================================================
Received Import Request.
  Time since last request: 0.000036 seconds.
  path: Assets/testmap/BRNBIGL.PNG
  artifactKey: Guid(b91772d9580f2b5469e7f9b97a15134f) Importer(815301076,1909f56bfc062723c751e8b465ee728b)
Start importing Assets/testmap/BRNBIGL.PNG using Guid(b91772d9580f2b5469e7f9b97a15134f) Importer(815301076,1909f56bfc062723c751e8b465ee728b)  -> (artifact id: 'e0fa42c54b79244cb56ca05bfe777af8') in 0.012439 seconds 
========================================================================
Received Import Request.
  Time since last request: 0.000028 seconds.
  path: Assets/testmap/COMPTILE.PNG
  artifactKey: Guid(f182f1e11b578a4489ff308572afaf31) Importer(815301076,1909f56bfc062723c751e8b465ee728b)
Start importing Assets/testmap/COMPTILE.PNG using Guid(f182f1e11b578a4489ff308572afaf31) Importer(815301076,1909f56bfc062723c751e8b465ee728b)  -> (artifact id: '23993dd15625b3270d2babcc2b99fa7c') in 0.012089 seconds 
========================================================================
Received Import Request.
  Time since last request: 0.000028 seconds.
  path: Assets/testmap/DOORTRAK.PNG
  artifactKey: Guid(12d87eb248f27ef4b95fdc5a9cc65cfd) Importer(815301076,1909f56bfc062723c751e8b465ee728b)
Start importing Assets/testmap/DOORTRAK.PNG using Guid(12d87eb248f27ef4b95fdc5a9cc65cfd) Importer(815301076,1909f56bfc062723c751e8b465ee728b)  -> (artifact id: 'c869bf4ad8cde4996f6cda905e1db415') in 0.012152 seconds 
========================================================================
Received Import Request.
  Time since last request: 0.000037 seconds.
  path: Assets/testmap/FLOOR5_2.PNG
  artifactKey: Guid(d5879502f3f176e4b9753ce5b7990164) Importer(815301076,1909f56bfc062723c751e8b465ee728b)
Start importing Assets/testmap/FLOOR5_2.PNG using Guid(d5879502f3f176e4b9753ce5b7990164) Importer(815301076,1909f56bfc062723c751e8b465ee728b)  -> (artifact id: '4e4fd13e60259f41960f6a42f22fde11') in 0.011790 seconds 
========================================================================
Received Import Request.
  Time since last request: 0.000038 seconds.
  path: Assets/testmap/COMPSPAN.PNG
  artifactKey: Guid(9c101404338eb5747a233487ec6c4a49) Importer(815301076,1909f56bfc062723c751e8b465ee728b)
Start importing Assets/testmap/COMPSPAN.PNG using Guid(9c101404338eb5747a233487ec6c4a49) Importer(815301076,1909f56bfc062723c751e8b465ee728b)  -> (artifact id: '23a91038fc5523de5af1e8d89978d258') in 0.012284 seconds 
========================================================================
Received Import Request.
  Time since last request: 0.000052 seconds.
  path: Assets/testmap/COMPUTE2.PNG
  artifactKey: Guid(e1f95affbe9898346b921596117c4541) Importer(815301076,1909f56bfc062723c751e8b465ee728b)
Start importing Assets/testmap/COMPUTE2.PNG using Guid(e1f95affbe9898346b921596117c4541) Importer(815301076,1909f56bfc062723c751e8b465ee728b)  -> (artifact id: '4750b8161b927321c52474794840e153') in 0.010966 seconds 
========================================================================
Received Import Request.
  Time since last request: 0.420828 seconds.
  path: Assets/testmap/LITE3.PNG
  artifactKey: Guid(16526f0eb88d4df44ab36eee9afbceaa) Importer(815301076,1909f56bfc062723c751e8b465ee728b)
Start importing Assets/testmap/LITE3.PNG using Guid(16526f0eb88d4df44ab36eee9afbceaa) Importer(815301076,1909f56bfc062723c751e8b465ee728b)  -> (artifact id: '8e6b9d5e16233af596b26575fdb931ad') in 0.010201 seconds 
========================================================================
Received Import Request.
  Time since last request: 0.000031 seconds.
  path: Assets/testmap/STARG3.PNG
  artifactKey: Guid(fed4e05f9e2b70b47b17d23be7ce4082) Importer(815301076,1909f56bfc062723c751e8b465ee728b)
Start importing Assets/testmap/STARG3.PNG using Guid(fed4e05f9e2b70b47b17d23be7ce4082) Importer(815301076,1909f56bfc062723c751e8b465ee728b)  -> (artifact id: '876dc57dee70cf2ee6a38481173dede8') in 0.013847 seconds 
========================================================================
Received Import Request.
  Time since last request: 0.000022 seconds.
  path: Assets/testmap/NUKE24.PNG
  artifactKey: Guid(2af3d8df90b929e4e8bc7ee9686aa96a) Importer(815301076,1909f56bfc062723c751e8b465ee728b)
Start importing Assets/testmap/NUKE24.PNG using Guid(2af3d8df90b929e4e8bc7ee9686aa96a) Importer(815301076,1909f56bfc062723c751e8b465ee728b)  -> (artifact id: '7b1d81217a7e85cffc25dea65cd5bd4a') in 0.011091 seconds 
Editor requested this worker to shutdown with reason: Scaling down because of idle timeout
AssetImportWorker is now disconnected from the server
Process exiting
Exiting without the bug reporter. Application will terminate with return code 0